Base path: '/Applications/Unity/Hub/Editor/2019.2.11f1/Unity/Unity.app/Contents', plugins path '/Applications/Unity/Hub/Editor/2019.2.11f1/Unity/Unity.app/Contents/PlaybackEngines'
Cmd: initializeCompiler
Cmd: preprocess
  insize=1538 outsize=576 ok=1
Cmd: preprocess
  insize=1539 outsize=577 ok=1
Cmd: preprocess
  insize=576 outsize=1014 ok=1
Cmd: preprocess
  insize=1229 outsize=422 ok=1
Cmd: preprocess
  insize=973 outsize=540 ok=1
Cmd: preprocess
  insize=191 outsize=188 ok=1
Cmd: preprocess
  insize=2579 outsize=517 ok=1
Cmd: preprocess
  insize=1224 outsize=417 ok=1
Cmd: compileSnippet
  api=14 type=0 insize=898 outsize=1662 kw= pd=UNITY_ENABLE_REFLECTION_BUFFERS UNITY_USE_DITHER_MASK_FOR_ALPHABLENDED_SHADOWS UNITY_PBS_USE_BRDF1 UNITY_SPECCUBE_BOX_PROJECTION UNITY_SPECCUBE_BLENDING UNITY_ENABLE_DETAIL_NORMALMAP SHADER_API_DESKTOP UNITY_COLORSPACE_GAMMA UNITY_LIGHT_PROBE_PROXY_VOLUME UNITY_LIGHTMAP_FULL_HDR ok=1
Cmd: compileSnippet
  api=14 type=1 insize=898 outsize=634 kw= pd=UNITY_ENABLE_REFLECTION_BUFFERS UNITY_USE_DITHER_MASK_FOR_ALPHABLENDED_SHADOWS UNITY_PBS_USE_BRDF1 UNITY_SPECCUBE_BOX_PROJECTION UNITY_SPECCUBE_BLENDING UNITY_ENABLE_DETAIL_NORMALMAP SHADER_API_DESKTOP UNITY_COLORSPACE_GAMMA UNITY_LIGHT_PROBE_PROXY_VOLUME UNITY_LIGHTMAP_FULL_HDR ok=1
